  [1m[36mSQL (0.3ms)[0m  [1mSHOW TABLES[0m
  [1m[35mSQL (156.1ms)[0m  CREATE TABLE `schema_migrations` (`version` varchar(255) NOT NULL) ENGINE=InnoDB
  [1m[36mSQL (13.3ms)[0m  [1mSHOW KEYS FROM `schema_migrations`[0m
  [1m[35mSQL (219.8ms)[0m  CREATE UNIQUE INDEX `unique_schema_migrations` ON `schema_migrations` (`version`)
  [1m[36mSQL (13.1ms)[0m  [1mSHOW TABLES[0m
  [1m[35mSQL (21.4ms)[0m  SHOW TABLES
  [1m[36mSQL (0.3ms)[0m  [1mSELECT `schema_migrations`.`version` FROM `schema_migrations`[0m
Migrating to CreateProducts (20100915141306)
  [1m[35mSQL (118.4ms)[0m  CREATE TABLE `products` (`id` int(11) DEFAULT NULL auto_increment PRIMARY KEY, `name` varchar(255), `sku` varchar(255), `price` decimal, `indication_price` decimal, `memo` varchar(255), `status` varchar(255), `count` int(11), `vintage` int(11), `created_at` datetime, `updated_at` datetime) ENGINE=InnoDB
  [1m[36mSQL (3.1ms)[0m  [1mdescribe `schema_migrations`[0m
  [1m[35mSQL (0.5ms)[0m  INSERT INTO `schema_migrations` (`version`) VALUES ('20100915141306')
Migrating to DeviseCreateUsers (20100915141615)
  [1m[36mSQL (154.2ms)[0m  [1mCREATE TABLE `users` (`id` int(11) DEFAULT NULL auto_increment PRIMARY KEY, `email` varchar(255) DEFAULT '' NOT NULL, `encrypted_password` varchar(128) DEFAULT '' NOT NULL, `password_salt` varchar(255) DEFAULT '' NOT NULL, `reset_password_token` varchar(255), `remember_token` varchar(255), `remember_created_at` datetime, `sign_in_count` int(11) DEFAULT 0, `current_sign_in_at` datetime, `last_sign_in_at` datetime, `current_sign_in_ip` varchar(255), `last_sign_in_ip` varchar(255), `created_at` datetime, `updated_at` datetime) ENGINE=InnoDB[0m
  [1m[35mSQL (0.9ms)[0m  SHOW KEYS FROM `users`
  [1m[36mSQL (181.5ms)[0m  [1mCREATE UNIQUE INDEX `index_users_on_email` ON `users` (`email`)[0m
  [1m[35mSQL (2.6ms)[0m  SHOW KEYS FROM `users`
  [1m[36mSQL (160.5ms)[0m  [1mCREATE UNIQUE INDEX `index_users_on_reset_password_token` ON `users` (`reset_password_token`)[0m
  [1m[35mSQL (24.1ms)[0m  INSERT INTO `schema_migrations` (`version`) VALUES ('20100915141615')
Migrating to CreateProductAttributeDefines (20100915144959)
  [1m[36mSQL (141.4ms)[0m  [1mCREATE TABLE `product_attribute_defines` (`id` int(11) DEFAULT NULL auto_increment PRIMARY KEY, `name` varchar(255), `short` varchar(255), `description` varchar(255), `created_at` datetime, `updated_at` datetime) ENGINE=InnoDB[0m
  [1m[35mSQL (0.4ms)[0m  INSERT INTO `schema_migrations` (`version`) VALUES ('20100915144959')
Migrating to CreateProductAttributes (20100915145140)
  [1m[36mSQL (135.9ms)[0m  [1mCREATE TABLE `product_attributes` (`id` int(11) DEFAULT NULL auto_increment PRIMARY KEY, `product_sku` varchar(255), `name` varchar(255), `short` varchar(255), `description` varchar(255), `value` varchar(255), `created_at` datetime, `updated_at` datetime) ENGINE=InnoDB[0m
  [1m[35mSQL (0.5ms)[0m  INSERT INTO `schema_migrations` (`version`) VALUES ('20100915145140')
Migrating to CreateProductStatuses (20100915145240)
  [1m[36mSQL (150.4ms)[0m  [1mCREATE TABLE `product_statuses` (`id` int(11) DEFAULT NULL auto_increment PRIMARY KEY, `name` varchar(255), `description` varchar(255), `created_at` datetime, `updated_at` datetime) ENGINE=InnoDB[0m
  [1m[35mSQL (0.6ms)[0m  INSERT INTO `schema_migrations` (`version`) VALUES ('20100915145240')
Migrating to AddTestDataProductAttributeDefine (20100915145910)
  [1m[36mSQL (0.7ms)[0m  [1mDELETE FROM `product_attribute_defines`[0m
  [1m[35mSQL (0.1ms)[0m  BEGIN
  [1m[36mSQL (0.8ms)[0m  [1mSHOW TABLES[0m
  [1m[35mSQL (2.3ms)[0m  describe `product_attribute_defines`
  [1m[36mSQL (0.2ms)[0m  [1mINSERT INTO `product_attribute_defines` (`created_at`, `description`, `name`, `short`, `updated_at`) VALUES ('2011-01-17 03:25:29', 'Attr0 description', 'Attr0', 'Attr0', '2011-01-17 03:25:29')[0m
  [1m[35mSQL (0.4ms)[0m  COMMIT
  [1m[36mSQL (0.1ms)[0m  [1mBEGIN[0m
  [1m[35mSQL (0.2ms)[0m  INSERT INTO `product_attribute_defines` (`created_at`, `description`, `name`, `short`, `updated_at`) VALUES ('2011-01-17 03:25:29', 'Attr1 description', 'Attr1', 'Attr1', '2011-01-17 03:25:29')
  [1m[36mSQL (0.4ms)[0m  [1mCOMMIT[0m
  [1m[35mSQL (0.1ms)[0m  BEGIN
  [1m[36mSQL (0.2ms)[0m  [1mINSERT INTO `product_attribute_defines` (`created_at`, `description`, `name`, `short`, `updated_at`) VALUES ('2011-01-17 03:25:29', 'Attr2 description', 'Attr2', 'Attr2', '2011-01-17 03:25:29')[0m
  [1m[35mSQL (0.4ms)[0m  COMMIT
  [1m[36mSQL (0.1ms)[0m  [1mBEGIN[0m
  [1m[35mSQL (0.1ms)[0m  INSERT INTO `product_attribute_defines` (`created_at`, `description`, `name`, `short`, `updated_at`) VALUES ('2011-01-17 03:25:29', 'Attr3 description', 'Attr3', 'Attr3', '2011-01-17 03:25:29')
  [1m[36mSQL (0.3ms)[0m  [1mCOMMIT[0m
  [1m[35mSQL (0.4ms)[0m  INSERT INTO `schema_migrations` (`version`) VALUES ('20100915145910')
Migrating to AddTestDataProductStatus (20100915145931)
  [1m[36mSQL (0.5ms)[0m  [1mDELETE FROM `product_statuses`[0m
  [1m[35mSQL (0.2ms)[0m  BEGIN
  [1m[36mSQL (0.7ms)[0m  [1mSHOW TABLES[0m
  [1m[35mSQL (2.2ms)[0m  describe `product_statuses`
  [1m[36mSQL (0.2ms)[0m  [1mINSERT INTO `product_statuses` (`created_at`, `description`, `name`, `updated_at`) VALUES ('2011-01-17 03:25:29', 'Status0 description', 'Status0', '2011-01-17 03:25:29')[0m
  [1m[35mSQL (0.3ms)[0m  COMMIT
  [1m[36mSQL (0.1ms)[0m  [1mBEGIN[0m
  [1m[35mSQL (0.1ms)[0m  INSERT INTO `product_statuses` (`created_at`, `description`, `name`, `updated_at`) VALUES ('2011-01-17 03:25:29', 'Status1 description', 'Status1', '2011-01-17 03:25:29')
  [1m[36mSQL (0.4ms)[0m  [1mCOMMIT[0m
  [1m[35mSQL (0.1ms)[0m  BEGIN
  [1m[36mSQL (0.2ms)[0m  [1mINSERT INTO `product_statuses` (`created_at`, `description`, `name`, `updated_at`) VALUES ('2011-01-17 03:25:29', 'Status2 description', 'Status2', '2011-01-17 03:25:29')[0m
  [1m[35mSQL (0.3ms)[0m  COMMIT
  [1m[36mSQL (0.1ms)[0m  [1mBEGIN[0m
  [1m[35mSQL (0.2ms)[0m  INSERT INTO `product_statuses` (`created_at`, `description`, `name`, `updated_at`) VALUES ('2011-01-17 03:25:29', 'Status3 description', 'Status3', '2011-01-17 03:25:29')
  [1m[36mSQL (0.5ms)[0m  [1mCOMMIT[0m
  [1m[35mSQL (1.2ms)[0m  INSERT INTO `schema_migrations` (`version`) VALUES ('20100915145931')
Migrating to CreateProductTags (20101006043647)
  [1m[36mSQL (93.0ms)[0m  [1mCREATE TABLE `product_tags` (`id` int(11) DEFAULT NULL auto_increment PRIMARY KEY, `product_sku` varchar(255), `key` varchar(255), `value` varchar(255), `created_at` datetime, `updated_at` datetime) ENGINE=InnoDB[0m
  [1m[35mSQL (0.5ms)[0m  INSERT INTO `schema_migrations` (`version`) VALUES ('20101006043647')
Migrating to AddTestDataProductTag (20101006043954)
  [1m[36mSQL (0.6ms)[0m  [1mDELETE FROM `product_tags`[0m
  [1m[35mSQL (0.1ms)[0m  BEGIN
  [1m[36mSQL (0.8ms)[0m  [1mSHOW TABLES[0m
  [1m[35mSQL (2.2ms)[0m  describe `product_tags`
  [1m[36mSQL (0.2ms)[0m  [1mINSERT INTO `product_tags` (`created_at`, `key`, `product_sku`, `updated_at`, `value`) VALUES ('2011-01-17 03:25:29', 'key key key', 'ABCDE', '2011-01-17 03:25:29', 'key value key value key value')[0m
  [1m[35mSQL (0.3ms)[0m  COMMIT
  [1m[36mSQL (0.1ms)[0m  [1mBEGIN[0m
  [1m[35mSQL (0.2ms)[0m  INSERT INTO `product_tags` (`created_at`, `key`, `product_sku`, `updated_at`, `value`) VALUES ('2011-01-17 03:25:29', 'Status1 description', 'ABCDE', '2011-01-17 03:25:29', 'abcdefg sky')
  [1m[36mSQL (0.5ms)[0m  [1mCOMMIT[0m
  [1m[35mSQL (0.1ms)[0m  BEGIN
  [1m[36mSQL (0.2ms)[0m  [1mINSERT INTO `product_tags` (`created_at`, `key`, `product_sku`, `updated_at`, `value`) VALUES ('2011-01-17 03:25:29', 'Status2 description', 'ABCDE', '2011-01-17 03:25:29', 'abceddfadf')[0m
  [1m[35mSQL (0.5ms)[0m  COMMIT
  [1m[36mSQL (0.1ms)[0m  [1mBEGIN[0m
  [1m[35mSQL (0.2ms)[0m  INSERT INTO `product_tags` (`created_at`, `key`, `product_sku`, `updated_at`, `value`) VALUES ('2011-01-17 03:25:29', 'Status3 description', 'ABCDE', '2011-01-17 03:25:29', 'ndsi psp wii oop body')
  [1m[36mSQL (0.4ms)[0m  [1mCOMMIT[0m
  [1m[35mSQL (0.4ms)[0m  INSERT INTO `schema_migrations` (`version`) VALUES ('20101006043954')
Migrating to CreateOrders (20101009032306)
  [1m[36mSQL (151.2ms)[0m  [1mCREATE TABLE `orders` (`id` int(11) DEFAULT NULL auto_increment PRIMARY KEY, `no` varchar(255), `total` decimal, `status` varchar(255), `order_at` datetime, `count` int(11), `delivery_at` datetime, `address_id` int(11), `user_id` int(11), `created_at` datetime, `updated_at` datetime) ENGINE=InnoDB[0m
  [1m[35mSQL (0.5ms)[0m  INSERT INTO `schema_migrations` (`version`) VALUES ('20101009032306')
Migrating to CreateOrderItems (20101009032650)
  [1m[36mSQL (130.3ms)[0m  [1mCREATE TABLE `order_items` (`id` int(11) DEFAULT NULL auto_increment PRIMARY KEY, `order_no` varchar(255), `quantity` int(11), `price` decimal, `subtotal` decimal, `product_name` varchar(255), `product_sku` varchar(255), `status` varchar(255), `created_at` datetime, `updated_at` datetime) ENGINE=InnoDB[0m
  [1m[35mSQL (0.7ms)[0m  INSERT INTO `schema_migrations` (`version`) VALUES ('20101009032650')
Migrating to AddAddressToOrders (20101014072414)
  [1m[36mSQL (146.8ms)[0m  [1mALTER TABLE `orders` ADD `fullname` varchar(255)[0m
  [1m[35mSQL (88.6ms)[0m  ALTER TABLE `orders` ADD `address` varchar(255)
  [1m[36mSQL (90.4ms)[0m  [1mALTER TABLE `orders` ADD `province` varchar(255)[0m
  [1m[35mSQL (89.8ms)[0m  ALTER TABLE `orders` ADD `city` varchar(255)
  [1m[36mSQL (86.2ms)[0m  [1mALTER TABLE `orders` ADD `region` varchar(255)[0m
  [1m[35mSQL (89.8ms)[0m  ALTER TABLE `orders` ADD `zip` varchar(255)
  [1m[36mSQL (88.8ms)[0m  [1mALTER TABLE `orders` ADD `phone` varchar(255)[0m
  [1m[35mSQL (11.5ms)[0m  INSERT INTO `schema_migrations` (`version`) VALUES ('20101014072414')
Migrating to RenameOrdersColumnCountToQuantity (20101014140944)
  [1m[36mSQL (2.7ms)[0m  [1mSHOW COLUMNS FROM `orders` LIKE 'count'[0m
  [1m[35mSQL (162.9ms)[0m  ALTER TABLE `orders` CHANGE `count` `quantity` int(11) DEFAULT NULL
  [1m[36mSQL (0.5ms)[0m  [1mINSERT INTO `schema_migrations` (`version`) VALUES ('20101014140944')[0m
Migrating to RemoveOrdersColumnQuantity (20101014143250)
  [1m[35mSQL (104.0ms)[0m  ALTER TABLE `orders` DROP `quantity`
  [1m[36mSQL (0.4ms)[0m  [1mINSERT INTO `schema_migrations` (`version`) VALUES ('20101014143250')[0m
Migrating to CreateAddresses (20101018074431)
  [1m[35mSQL (107.1ms)[0m  CREATE TABLE `addresses` (`id` int(11) DEFAULT NULL auto_increment PRIMARY KEY, `detail` varchar(255), `province` varchar(255), `city` varchar(255), `region` varchar(255), `zip` varchar(255), `phone` varchar(255), `name` varchar(255), `created_at` datetime, `updated_at` datetime) ENGINE=InnoDB
  [1m[36mSQL (0.4ms)[0m  [1mINSERT INTO `schema_migrations` (`version`) VALUES ('20101018074431')[0m
Migrating to AddColumnsToAddresses (20101018075749)
  [1m[35mSQL (100.5ms)[0m  ALTER TABLE `addresses` ADD `default` tinyint(1)
  [1m[36mSQL (87.7ms)[0m  [1mALTER TABLE `addresses` ADD `user_id` int(11)[0m
  [1m[35mSQL (0.4ms)[0m  INSERT INTO `schema_migrations` (`version`) VALUES ('20101018075749')
  [1m[36mSQL (32.3ms)[0m  [1mSHOW TABLES[0m
  [1m[35mSQL (0.4ms)[0m  SELECT `schema_migrations`.`version` FROM `schema_migrations`
  [1m[36mSQL (0.9ms)[0m  [1mSHOW TABLES[0m
  [1m[35mSQL (3.4ms)[0m  describe `addresses`
  [1m[36mSQL (0.4ms)[0m  [1mSHOW KEYS FROM `addresses`[0m
  [1m[35mSQL (21.0ms)[0m  describe `order_items`
  [1m[36mSQL (0.3ms)[0m  [1mSHOW KEYS FROM `order_items`[0m
  [1m[35mSQL (2.4ms)[0m  describe `orders`
  [1m[36mSQL (0.5ms)[0m  [1mSHOW KEYS FROM `orders`[0m
  [1m[35mSQL (2.4ms)[0m  describe `product_attribute_defines`
  [1m[36mSQL (0.4ms)[0m  [1mSHOW KEYS FROM `product_attribute_defines`[0m
  [1m[35mSQL (2.6ms)[0m  describe `product_attributes`
  [1m[36mSQL (0.4ms)[0m  [1mSHOW KEYS FROM `product_attributes`[0m
  [1m[35mSQL (2.2ms)[0m  describe `product_statuses`
  [1m[36mSQL (0.3ms)[0m  [1mSHOW KEYS FROM `product_statuses`[0m
  [1m[35mSQL (2.3ms)[0m  describe `product_tags`
  [1m[36mSQL (0.3ms)[0m  [1mSHOW KEYS FROM `product_tags`[0m
  [1m[35mSQL (2.8ms)[0m  describe `products`
  [1m[36mSQL (0.4ms)[0m  [1mSHOW KEYS FROM `products`[0m
  [1m[35mSQL (2.9ms)[0m  describe `users`
  [1m[36mSQL (62.5ms)[0m  [1mSHOW KEYS FROM `users`[0m


Started GET "/" for 127.0.0.1 at Mon Jan 17 11:26:03 +0800 2011
  Processing by HomeController#index as HTML
DEPRECATION WARNING: <% %> style block helpers are deprecated. Please use <%= %>. (called from _app_views_layouts_application_html_erb__1080092459_2172447520_0 at /Users/leiz/Documents/workspace/12doo/app/views/layouts/application.html.erb:24)
Rendered home/index.html.erb within layouts/application (15.8ms)
Completed 200 OK in 71ms (Views: 70.7ms | ActiveRecord: 0.0ms)


Started GET "/users/sign_up" for 127.0.0.1 at Mon Jan 17 11:26:19 +0800 2011
  Processing by Devise::RegistrationsController#new as HTML
Rendered /Library/Ruby/Gems/1.8/gems/devise-1.1.2/app/views/devise/shared/_links.erb (1.5ms)
DEPRECATION WARNING: <% %> style block helpers are deprecated. Please use <%= %>. (called from _app_views_layouts_application_html_erb__1080092459_2175163060_0 at /Users/leiz/Documents/workspace/12doo/app/views/layouts/application.html.erb:24)
Rendered /Library/Ruby/Gems/1.8/gems/devise-1.1.2/app/views/devise/registrations/new.html.erb within layouts/application (19.9ms)
Completed 200 OK in 60ms (Views: 29.4ms | ActiveRecord: 0.0ms)


Started GET "/users/sign_in" for 127.0.0.1 at Mon Jan 17 11:26:21 +0800 2011
  Processing by Devise::SessionsController#new as HTML
Rendered /Library/Ruby/Gems/1.8/gems/devise-1.1.2/app/views/devise/shared/_links.erb (1.4ms)
DEPRECATION WARNING: <% %> style block helpers are deprecated. Please use <%= %>. (called from _app_views_layouts_application_html_erb__1080092459_2172998720_0 at /Users/leiz/Documents/workspace/12doo/app/views/layouts/application.html.erb:24)
Rendered /Library/Ruby/Gems/1.8/gems/devise-1.1.2/app/views/devise/sessions/new.html.erb within layouts/application (10.7ms)
Completed 200 OK in 54ms (Views: 33.4ms | ActiveRecord: 0.0ms)


Started GET "/users/sign_up" for 127.0.0.1 at Mon Jan 17 11:26:29 +0800 2011
  Processing by Devise::RegistrationsController#new as HTML
Rendered /Library/Ruby/Gems/1.8/gems/devise-1.1.2/app/views/devise/shared/_links.erb (1.5ms)
DEPRECATION WARNING: <% %> style block helpers are deprecated. Please use <%= %>. (called from _app_views_layouts_application_html_erb__1080092459_2174696740_0 at /Users/leiz/Documents/workspace/12doo/app/views/layouts/application.html.erb:24)
Rendered /Library/Ruby/Gems/1.8/gems/devise-1.1.2/app/views/devise/registrations/new.html.erb within layouts/application (16.6ms)
Completed 200 OK in 36ms (Views: 23.0ms | ActiveRecord: 0.0ms)
  [1m[36mSQL (56.1ms)[0m  [1mSHOW TABLES[0m
  [1m[35mSQL (1.0ms)[0m  SHOW TABLES
  [1m[36mSQL (0.3ms)[0m  [1mSELECT `schema_migrations`.`version` FROM `schema_migrations`[0m
Migrating to CreateProducts (20100915141306)
Migrating to DeviseCreateUsers (20100915141615)
Migrating to CreateProductAttributeDefines (20100915144959)
Migrating to CreateProductAttributes (20100915145140)
Migrating to CreateProductStatuses (20100915145240)
Migrating to AddTestDataProductAttributeDefine (20100915145910)
Migrating to AddTestDataProductStatus (20100915145931)
Migrating to CreateProductTags (20101006043647)
Migrating to AddTestDataProductTag (20101006043954)
Migrating to CreateOrders (20101009032306)
Migrating to CreateOrderItems (20101009032650)
Migrating to AddAddressToOrders (20101014072414)
Migrating to RenameOrdersColumnCountToQuantity (20101014140944)
Migrating to RemoveOrdersColumnQuantity (20101014143250)
Migrating to CreateAddresses (20101018074431)
Migrating to AddColumnsToAddresses (20101018075749)
Migrating to AddColumnsToUsers (20110117032939)
  [1m[35mSQL (245.7ms)[0m  ALTER TABLE `users` ADD `phone` varchar(255)
  [1m[36mSQL (211.4ms)[0m  [1mALTER TABLE `users` ADD `name` varchar(255)[0m
  [1m[35mSQL (166.8ms)[0m  ALTER TABLE `users` ADD `title` varchar(255)
  [1m[36mSQL (113.1ms)[0m  [1mALTER TABLE `users` ADD `birth` datetime[0m
  [1m[35mSQL (89.6ms)[0m  ALTER TABLE `users` ADD `gender` varchar(255)
  [1m[36mSQL (99.0ms)[0m  [1mALTER TABLE `users` ADD `ref` varchar(255)[0m
  [1m[35mSQL (3.2ms)[0m  SHOW KEYS FROM `users`
  [1m[36mSQL (212.9ms)[0m  [1mCREATE UNIQUE INDEX `index_users_on_phone` ON `users` (`phone`)[0m
  [1m[35mSQL (28.8ms)[0m  describe `schema_migrations`
  [1m[36mSQL (0.5ms)[0m  [1mINSERT INTO `schema_migrations` (`version`) VALUES ('20110117032939')[0m
  [1m[35mSQL (4.2ms)[0m  SHOW TABLES
  [1m[36mSQL (28.0ms)[0m  [1mSELECT `schema_migrations`.`version` FROM `schema_migrations`[0m
  [1m[35mSQL (1.4ms)[0m  SHOW TABLES
  [1m[36mSQL (41.4ms)[0m  [1mdescribe `addresses`[0m
  [1m[35mSQL (0.4ms)[0m  SHOW KEYS FROM `addresses`
  [1m[36mSQL (11.4ms)[0m  [1mdescribe `order_items`[0m
  [1m[35mSQL (0.2ms)[0m  SHOW KEYS FROM `order_items`
  [1m[36mSQL (2.5ms)[0m  [1mdescribe `orders`[0m
  [1m[35mSQL (0.3ms)[0m  SHOW KEYS FROM `orders`
  [1m[36mSQL (2.7ms)[0m  [1mdescribe `product_attribute_defines`[0m
  [1m[35mSQL (0.4ms)[0m  SHOW KEYS FROM `product_attribute_defines`
  [1m[36mSQL (2.4ms)[0m  [1mdescribe `product_attributes`[0m
  [1m[35mSQL (0.2ms)[0m  SHOW KEYS FROM `product_attributes`
  [1m[36mSQL (2.2ms)[0m  [1mdescribe `product_statuses`[0m
  [1m[35mSQL (0.3ms)[0m  SHOW KEYS FROM `product_statuses`
  [1m[36mSQL (2.3ms)[0m  [1mdescribe `product_tags`[0m
  [1m[35mSQL (0.3ms)[0m  SHOW KEYS FROM `product_tags`
  [1m[36mSQL (2.8ms)[0m  [1mdescribe `products`[0m
  [1m[35mSQL (0.2ms)[0m  SHOW KEYS FROM `products`
  [1m[36mSQL (2.9ms)[0m  [1mdescribe `users`[0m
  [1m[35mSQL (0.3ms)[0m  SHOW KEYS FROM `users`


Started GET "/orders" for 127.0.0.1 at Mon Jan 17 12:03:53 +0800 2011
  Processing by OrdersController#index as HTML
  [1m[36mSQL (0.9ms)[0m  [1mSHOW TABLES[0m
  [1m[35mOrder Load (0.4ms)[0m  SELECT `orders`.* FROM `orders`
DEPRECATION WARNING: <% %> style block helpers are deprecated. Please use <%= %>. (called from _app_views_layouts_application_html_erb__1080092459_2172892760_0 at /Users/leiz/Documents/workspace/12doo/app/views/layouts/application.html.erb:24)
Rendered orders/index.html.erb within layouts/application (780.2ms)
Completed 200 OK in 859ms (Views: 810.1ms | ActiveRecord: 1.3ms)


Started GET "/" for 127.0.0.1 at Mon Jan 17 12:03:56 +0800 2011
  Processing by HomeController#index as HTML
DEPRECATION WARNING: <% %> style block helpers are deprecated. Please use <%= %>. (called from _app_views_layouts_application_html_erb__1080092459_2174891380_0 at /Users/leiz/Documents/workspace/12doo/app/views/layouts/application.html.erb:24)
Rendered home/index.html.erb within layouts/application (23.7ms)
Completed 200 OK in 53ms (Views: 52.6ms | ActiveRecord: 0.0ms)


Started GET "/users/sign_up" for 127.0.0.1 at Mon Jan 17 12:03:59 +0800 2011
  Processing by Devise::RegistrationsController#new as HTML
Rendered /Library/Ruby/Gems/1.8/gems/devise-1.1.2/app/views/devise/shared/_links.erb (2.0ms)
DEPRECATION WARNING: <% %> style block helpers are deprecated. Please use <%= %>. (called from _app_views_layouts_application_html_erb__1080092459_2172880860_0 at /Users/leiz/Documents/workspace/12doo/app/views/layouts/application.html.erb:24)
Rendered /Library/Ruby/Gems/1.8/gems/devise-1.1.2/app/views/devise/registrations/new.html.erb within layouts/application (88.5ms)
Completed 200 OK in 159ms (Views: 95.8ms | ActiveRecord: 0.0ms)


Started POST "/users" for 127.0.0.1 at Mon Jan 17 12:04:13 +0800 2011
  Processing by Devise::RegistrationsController#create as HTML
  Parameters: {"commit"=>"Sign up", "authenticity_token"=>"0ij4i3EDo7Z5zQ1J9P260XH+Wkve+Mb6yJKaXHyPIiE=", "utf8"=>"✓", "user"=>{"password_confirmation"=>"[FILTERED]", "password"=>"[FILTERED]", "email"=>"liuzelei@gmail.com"}}
  [1m[36mSQL (0.2ms)[0m  [1mBEGIN[0m
  [1m[35mUser Load (0.3ms)[0m  SELECT `users`.`id` FROM `users` WHERE (LOWER(`users`.`email`) = LOWER('liuzelei@gmail.com')) LIMIT 1
  [1m[36mUser Load (0.3ms)[0m  [1mSELECT `users`.`id` FROM `users` WHERE (`users`.`email` = BINARY 'liuzelei@gmail.com') LIMIT 1[0m
  [1m[35mUser Load (0.2ms)[0m  SELECT `users`.`id` FROM `users` WHERE (`users`.`phone` IS NULL) LIMIT 1
  [1m[36mSQL (2.9ms)[0m  [1mdescribe `users`[0m
  [1m[35mSQL (0.3ms)[0m  INSERT INTO `users` (`birth`, `created_at`, `current_sign_in_at`, `current_sign_in_ip`, `email`, `encrypted_password`, `gender`, `last_sign_in_at`, `last_sign_in_ip`, `name`, `password_salt`, `phone`, `ref`, `remember_created_at`, `remember_token`, `reset_password_token`, `sign_in_count`, `title`, `updated_at`) VALUES (NULL, '2011-01-17 04:04:13', NULL, NULL, 'liuzelei@gmail.com', '$2a$10$4qJcMQN8UjUvQVjPkbQrSO2jySYIlNMxMsxUtKsuMz65hZwo6OxF6', NULL, NULL, NULL, NULL, '$2a$10$4qJcMQN8UjUvQVjPkbQrSO', NULL, NULL, NULL, NULL, NULL, 0, NULL, '2011-01-17 04:04:13')
  [1m[36mSQL (17.3ms)[0m  [1mCOMMIT[0m
  [1m[35mSQL (0.2ms)[0m  BEGIN
  [1m[36mSQL (0.4ms)[0m  [1mUPDATE `users` SET `current_sign_in_at` = '2011-01-17 04:04:13', `current_sign_in_ip` = '127.0.0.1', `last_sign_in_at` = '2011-01-17 04:04:13', `last_sign_in_ip` = '127.0.0.1', `sign_in_count` = 1, `updated_at` = '2011-01-17 04:04:13' WHERE (`users`.`id` = 1)[0m
  [1m[35mSQL (0.4ms)[0m  COMMIT
Redirected to http://127.0.0.1:3000/
Completed 302 Found in 446ms


Started GET "/" for 127.0.0.1 at Mon Jan 17 12:04:13 +0800 2011
  Processing by HomeController#index as HTML
  [1m[36mUser Load (0.4ms)[0m  [1mSELECT `users`.* FROM `users` WHERE (`users`.`id` = 1) LIMIT 1[0m
DEPRECATION WARNING: <% %> style block helpers are deprecated. Please use <%= %>. (called from _app_views_layouts_application_html_erb__1080092459_2172253920_0 at /Users/leiz/Documents/workspace/12doo/app/views/layouts/application.html.erb:24)
Rendered home/index.html.erb within layouts/application (173.1ms)
Completed 200 OK in 179ms (Views: 178.2ms | ActiveRecord: 23.1ms)


Started GET "/my" for 127.0.0.1 at Mon Jan 17 12:04:23 +0800 2011
  Processing by MyController#index as HTML
  [1m[35mUser Load (0.3ms)[0m  SELECT `users`.* FROM `users` WHERE (`users`.`id` = 1) LIMIT 1
DEPRECATION WARNING: <% %> style block helpers are deprecated. Please use <%= %>. (called from _app_views_layouts_application_html_erb__1080092459_2174046400_0 at /Users/leiz/Documents/workspace/12doo/app/views/layouts/application.html.erb:24)
Rendered my/index.html.erb within layouts/application (37.7ms)
Completed 200 OK in 66ms (Views: 65.1ms | ActiveRecord: 0.3ms)


Started GET "/my" for 127.0.0.1 at Mon Jan 17 12:04:25 +0800 2011
  Processing by MyController#index as HTML
  [1m[36mUser Load (0.3ms)[0m  [1mSELECT `users`.* FROM `users` WHERE (`users`.`id` = 1) LIMIT 1[0m
DEPRECATION WARNING: <% %> style block helpers are deprecated. Please use <%= %>. (called from _app_views_layouts_application_html_erb__1080092459_2175667060_0 at /Users/leiz/Documents/workspace/12doo/app/views/layouts/application.html.erb:24)
Rendered my/index.html.erb within layouts/application (33.9ms)
Completed 200 OK in 39ms (Views: 38.6ms | ActiveRecord: 0.3ms)


Started GET "/my" for 127.0.0.1 at Mon Jan 17 14:02:54 +0800 2011
  Processing by MyController#index as HTML
  [1m[35mUser Load (0.4ms)[0m  SELECT `users`.* FROM `users` WHERE (`users`.`id` = 1) LIMIT 1
DEPRECATION WARNING: <% %> style block helpers are deprecated. Please use <%= %>. (called from _app_views_layouts_application_html_erb__1080092459_2173514540_0 at /Users/leiz/Documents/workspace/12doo/app/views/layouts/application.html.erb:24)
Rendered my/index.html.erb within layouts/application (155.2ms)
Completed 200 OK in 177ms (Views: 175.9ms | ActiveRecord: 0.4ms)


Started GET "/my/info" for 127.0.0.1 at Mon Jan 17 14:03:06 +0800 2011

AbstractController::ActionNotFound (The action 'info' could not be found for MyController):
  

Rendered /Library/Ruby/Gems/1.8/gems/actionpack-3.0.1/lib/action_dispatch/middleware/templates/rescues/unknown_action.erb within rescues/layout (0.6ms)


Started GET "/my/profile" for 127.0.0.1 at Mon Jan 17 14:04:06 +0800 2011
  Processing by MyController#profile as HTML
  [1m[36mUser Load (0.4ms)[0m  [1mSELECT `users`.* FROM `users` WHERE (`users`.`id` = 1) LIMIT 1[0m
DEPRECATION WARNING: <% %> style block helpers are deprecated. Please use <%= %>. (called from _app_views_layouts_application_html_erb__1080092459_2173648740_0 at /Users/leiz/Documents/workspace/12doo/app/views/layouts/application.html.erb:24)
Rendered my/profile.html.erb within layouts/application (33.3ms)
Completed 200 OK in 39ms (Views: 38.2ms | ActiveRecord: 0.4ms)


Started GET "/my/profile" for 127.0.0.1 at Mon Jan 17 14:04:17 +0800 2011
  Processing by MyController#profile as HTML
  [1m[35mUser Load (0.4ms)[0m  SELECT `users`.* FROM `users` WHERE (`users`.`id` = 1) LIMIT 1
DEPRECATION WARNING: <% %> style block helpers are deprecated. Please use <%= %>. (called from _app_views_layouts_application_html_erb__1080092459_2176024580_0 at /Users/leiz/Documents/workspace/12doo/app/views/layouts/application.html.erb:24)
Rendered my/profile.html.erb within layouts/application (33.3ms)
Completed 200 OK in 39ms (Views: 38.3ms | ActiveRecord: 0.4ms)


Started GET "/my/profile" for 127.0.0.1 at Mon Jan 17 14:04:30 +0800 2011
  Processing by MyController#profile as HTML
  [1m[36mUser Load (0.3ms)[0m  [1mSELECT `users`.* FROM `users` WHERE (`users`.`id` = 1) LIMIT 1[0m
DEPRECATION WARNING: <% %> style block helpers are deprecated. Please use <%= %>. (called from _app_views_layouts_application_html_erb__1080092459_2173699840_0 at /Users/leiz/Documents/workspace/12doo/app/views/layouts/application.html.erb:24)
Rendered my/profile.html.erb within layouts/application (93.9ms)
Completed 200 OK in 100ms (Views: 99.1ms | ActiveRecord: 0.3ms)


Started GET "/my/profile" for 127.0.0.1 at Mon Jan 17 14:04:46 +0800 2011
  Processing by MyController#profile as HTML
  [1m[35mUser Load (0.4ms)[0m  SELECT `users`.* FROM `users` WHERE (`users`.`id` = 1) LIMIT 1
DEPRECATION WARNING: <% %> style block helpers are deprecated. Please use <%= %>. (called from _app_views_layouts_application_html_erb__1080092459_2174628960_0 at /Users/leiz/Documents/workspace/12doo/app/views/layouts/application.html.erb:24)
Rendered my/profile.html.erb within layouts/application (261.0ms)
Completed 200 OK in 267ms (Views: 266.3ms | ActiveRecord: 0.4ms)


Started GET "/my/profile" for 127.0.0.1 at Mon Jan 17 14:09:10 +0800 2011
  Processing by MyController#profile as HTML
  [1m[36mUser Load (0.3ms)[0m  [1mSELECT `users`.* FROM `users` WHERE (`users`.`id` = 1) LIMIT 1[0m
DEPRECATION WARNING: <% %> style block helpers are deprecated. Please use <%= %>. (called from _app_views_layouts_application_html_erb__1080092459_2176183720_0 at /Users/leiz/Documents/workspace/12doo/app/views/layouts/application.html.erb:24)
Rendered my/profile.html.erb within layouts/application (78.7ms)
Completed 200 OK in 85ms (Views: 83.9ms | ActiveRecord: 0.3ms)


Started GET "/my/profile" for 127.0.0.1 at Mon Jan 17 14:24:53 +0800 2011
  Processing by MyController#profile as HTML
  [1m[35mUser Load (0.4ms)[0m  SELECT `users`.* FROM `users` WHERE (`users`.`id` = 1) LIMIT 1
DEPRECATION WARNING: <% %> style block helpers are deprecated. Please use <%= %>. (called from _app_views_layouts_application_html_erb__1080092459_2172910520_0 at /Users/leiz/Documents/workspace/12doo/app/views/layouts/application.html.erb:24)
Rendered my/profile.html.erb within layouts/application (39.2ms)
Completed 200 OK in 124ms (Views: 44.9ms | ActiveRecord: 0.4ms)


Started GET "/my/profile" for 127.0.0.1 at Mon Jan 17 14:25:51 +0800 2011
  Processing by MyController#profile as HTML
  [1m[36mUser Load (0.4ms)[0m  [1mSELECT `users`.* FROM `users` WHERE (`users`.`id` = 1) LIMIT 1[0m
DEPRECATION WARNING: <% %> style block helpers are deprecated. Please use <%= %>. (called from _app_views_layouts_application_html_erb__1080092459_2174151280_0 at /Users/leiz/Documents/workspace/12doo/app/views/layouts/application.html.erb:24)
Rendered my/profile.html.erb within layouts/application (30.6ms)
Completed 200 OK in 141ms (Views: 37.0ms | ActiveRecord: 0.4ms)


Started GET "/my/profile" for 127.0.0.1 at Mon Jan 17 14:27:17 +0800 2011
  Processing by MyController#profile as HTML
  [1m[35mUser Load (0.4ms)[0m  SELECT `users`.* FROM `users` WHERE (`users`.`id` = 1) LIMIT 1
DEPRECATION WARNING: <% %> style block helpers are deprecated. Please use <%= %>. (called from _app_views_layouts_application_html_erb__1080092459_2175563320_0 at /Users/leiz/Documents/workspace/12doo/app/views/layouts/application.html.erb:24)
Rendered my/profile.html.erb within layouts/application (40.8ms)
Completed 200 OK in 181ms (Views: 46.8ms | ActiveRecord: 0.4ms)


Started GET "/my/profile" for 127.0.0.1 at Mon Jan 17 14:30:26 +0800 2011
  Processing by MyController#profile as HTML
  [1m[36mUser Load (0.3ms)[0m  [1mSELECT `users`.* FROM `users` WHERE (`users`.`id` = 1) LIMIT 1[0m
DEPRECATION WARNING: <% %> style block helpers are deprecated. Please use <%= %>. (called from _app_views_layouts_application_html_erb__1080092459_2173240280_0 at /Users/leiz/Documents/workspace/12doo/app/views/layouts/application.html.erb:24)
Rendered my/profile.html.erb within layouts/application (3.7ms)
Completed 200 OK in 366ms (Views: 9.6ms | ActiveRecord: 0.3ms)


Started GET "/my/profile" for 127.0.0.1 at Mon Jan 17 14:31:43 +0800 2011
  Processing by MyController#profile as HTML
  [1m[35mUser Load (0.4ms)[0m  SELECT `users`.* FROM `users` WHERE (`users`.`id` = 1) LIMIT 1
DEPRECATION WARNING: <% %> style block helpers are deprecated. Please use <%= %>. (called from _app_views_layouts_application_html_erb__1080092459_2174744680_0 at /Users/leiz/Documents/workspace/12doo/app/views/layouts/application.html.erb:24)
Rendered my/profile.html.erb within layouts/application (3.9ms)
Completed 200 OK in 106ms (Views: 9.4ms | ActiveRecord: 0.4ms)


Started GET "/orders" for 127.0.0.1 at Mon Jan 17 14:34:23 +0800 2011
  Processing by OrdersController#index as HTML
  [1m[36mOrder Load (0.4ms)[0m  [1mSELECT `orders`.* FROM `orders`[0m
DEPRECATION WARNING: <% %> style block helpers are deprecated. Please use <%= %>. (called from _app_views_layouts_application_html_erb__1080092459_2172998260_0 at /Users/leiz/Documents/workspace/12doo/app/views/layouts/application.html.erb:24)
Rendered orders/index.html.erb within layouts/application (120.4ms)
Completed 200 OK in 164ms (Views: 146.3ms | ActiveRecord: 0.4ms)


Started GET "/my/profile" for 127.0.0.1 at Mon Jan 17 14:44:13 +0800 2011
  Processing by MyController#profile as HTML
  [1m[35mUser Load (0.3ms)[0m  SELECT `users`.* FROM `users` WHERE (`users`.`id` = 1) LIMIT 1
DEPRECATION WARNING: <% %> style block helpers are deprecated. Please use <%= %>. (called from _app_views_layouts_application_html_erb__1080092459_2174096140_0 at /Users/leiz/Documents/workspace/12doo/app/views/layouts/application.html.erb:24)
Rendered my/profile.html.erb within layouts/application (43.2ms)
Completed 200 OK in 154ms (Views: 48.7ms | ActiveRecord: 0.3ms)


Started GET "/my/profile" for 127.0.0.1 at Mon Jan 17 14:53:12 +0800 2011
  Processing by MyController#profile as HTML
  [1m[36mUser Load (0.3ms)[0m  [1mSELECT `users`.* FROM `users` WHERE (`users`.`id` = 1) LIMIT 1[0m
DEPRECATION WARNING: <% %> style block helpers are deprecated. Please use <%= %>. (called from _app_views_layouts_application_html_erb__1080092459_2175619600_0 at /Users/leiz/Documents/workspace/12doo/app/views/layouts/application.html.erb:24)
Rendered my/profile.html.erb within layouts/application (42.3ms)
Completed 200 OK in 197ms (Views: 47.7ms | ActiveRecord: 0.3ms)


Started GET "/my/profile" for 127.0.0.1 at Mon Jan 17 14:55:56 +0800 2011
  Processing by MyController#profile as HTML
  [1m[35mUser Load (0.3ms)[0m  SELECT `users`.* FROM `users` WHERE (`users`.`id` = 1) LIMIT 1
DEPRECATION WARNING: <% %> style block helpers are deprecated. Please use <%= %>. (called from _app_views_layouts_application_html_erb__1080092459_2173157580_0 at /Users/leiz/Documents/workspace/12doo/app/views/layouts/application.html.erb:24)
Rendered my/profile.html.erb within layouts/application (32.0ms)
Completed 200 OK in 109ms (Views: 37.4ms | ActiveRecord: 0.3ms)


Started GET "/my/profile" for 127.0.0.1 at Mon Jan 17 14:56:17 +0800 2011
  Processing by MyController#profile as HTML
  [1m[36mUser Load (0.4ms)[0m  [1mSELECT `users`.* FROM `users` WHERE (`users`.`id` = 1) LIMIT 1[0m
DEPRECATION WARNING: <% %> style block helpers are deprecated. Please use <%= %>. (called from _app_views_layouts_application_html_erb__1080092459_2174759860_0 at /Users/leiz/Documents/workspace/12doo/app/views/layouts/application.html.erb:24)
Rendered my/profile.html.erb within layouts/application (5.2ms)
Completed 200 OK in 44ms (Views: 10.6ms | ActiveRecord: 0.4ms)


Started GET "/my/profile" for 127.0.0.1 at Mon Jan 17 15:00:09 +0800 2011
  Processing by MyController#profile as HTML
  [1m[35mUser Load (0.3ms)[0m  SELECT `users`.* FROM `users` WHERE (`users`.`id` = 1) LIMIT 1
DEPRECATION WARNING: <% %> style block helpers are deprecated. Please use <%= %>. (called from _app_views_layouts_application_html_erb__1080092459_2172503260_0 at /Users/leiz/Documents/workspace/12doo/app/views/layouts/application.html.erb:24)
Rendered my/profile.html.erb within layouts/application (43.6ms)
Completed 200 OK in 139ms (Views: 49.2ms | ActiveRecord: 0.3ms)


Started GET "/my/profile" for 127.0.0.1 at Mon Jan 17 15:00:39 +0800 2011
  Processing by MyController#profile as HTML
  [1m[36mSQL (63.7ms)[0m  [1mSHOW TABLES[0m
  [1m[35mUser Load (0.4ms)[0m  SELECT `users`.* FROM `users` WHERE (`users`.`id` = 1) LIMIT 1
DEPRECATION WARNING: <% %> style block helpers are deprecated. Please use <%= %>. (called from _app_views_layouts_application_html_erb__1080092459_2172019600_0 at /Users/leiz/Documents/workspace/12doo/app/views/layouts/application.html.erb:24)
Rendered my/profile.html.erb within layouts/application (5.9ms)
Completed 200 OK in 157ms (Views: 40.3ms | ActiveRecord: 64.1ms)


Started GET "/my/profile" for 127.0.0.1 at Mon Jan 17 15:07:54 +0800 2011
  Processing by MyController#profile as HTML
  [1m[36mUser Load (0.3ms)[0m  [1mSELECT `users`.* FROM `users` WHERE (`users`.`id` = 1) LIMIT 1[0m
DEPRECATION WARNING: <% %> style block helpers are deprecated. Please use <%= %>. (called from _app_views_layouts_application_html_erb__1080092459_2174219860_0 at /Users/leiz/Documents/workspace/12doo/app/views/layouts/application.html.erb:24)
Rendered my/profile.html.erb within layouts/application (31.2ms)
Completed 200 OK in 106ms (Views: 36.9ms | ActiveRecord: 0.3ms)


Started GET "/my/profile" for 127.0.0.1 at Mon Jan 17 15:08:23 +0800 2011
  Processing by MyController#profile as HTML
  [1m[35mUser Load (0.3ms)[0m  SELECT `users`.* FROM `users` WHERE (`users`.`id` = 1) LIMIT 1
DEPRECATION WARNING: <% %> style block helpers are deprecated. Please use <%= %>. (called from _app_views_layouts_application_html_erb__1080092459_2175555900_0 at /Users/leiz/Documents/workspace/12doo/app/views/layouts/application.html.erb:24)
Rendered my/profile.html.erb within layouts/application (6.4ms)
Completed 200 OK in 99ms (Views: 12.1ms | ActiveRecord: 0.3ms)


Started GET "/my/profile" for 127.0.0.1 at Mon Jan 17 15:09:08 +0800 2011
  Processing by MyController#profile as HTML
  [1m[36mUser Load (0.4ms)[0m  [1mSELECT `users`.* FROM `users` WHERE (`users`.`id` = 1) LIMIT 1[0m
DEPRECATION WARNING: <% %> style block helpers are deprecated. Please use <%= %>. (called from _app_views_layouts_application_html_erb__1080092459_2173262020_0 at /Users/leiz/Documents/workspace/12doo/app/views/layouts/application.html.erb:24)
Rendered my/profile.html.erb within layouts/application (30.9ms)
Completed 200 OK in 78ms (Views: 37.6ms | ActiveRecord: 0.4ms)


Started GET "/users/sign_up" for 127.0.0.1 at Mon Jan 17 15:36:26 +0800 2011
  Processing by Devise::RegistrationsController#new as HTML
  [1m[35mUser Load (0.4ms)[0m  SELECT `users`.* FROM `users` WHERE (`users`.`id` = 1) LIMIT 1
Completed   in 125ms

NoMethodError (undefined method `admin' for :user:Symbol):
  app/controllers/application_controller.rb:21:in `after_sign_in_path_for'

Rendered /Library/Ruby/Gems/1.8/gems/actionpack-3.0.1/lib/action_dispatch/middleware/templates/rescues/_trace.erb (1.2ms)
Rendered /Library/Ruby/Gems/1.8/gems/actionpack-3.0.1/lib/action_dispatch/middleware/templates/rescues/_request_and_response.erb (495.8ms)
Rendered /Library/Ruby/Gems/1.8/gems/actionpack-3.0.1/lib/action_dispatch/middleware/templates/rescues/diagnostics.erb within rescues/layout (522.0ms)


Started GET "/users/" for 127.0.0.1 at Mon Jan 17 15:36:46 +0800 2011

ActionController::RoutingError (No route matches "/users"):
  

Rendered /Library/Ruby/Gems/1.8/gems/actionpack-3.0.1/lib/action_dispatch/middleware/templates/rescues/routing_error.erb within rescues/layout (1.0ms)


Started GET "/" for 127.0.0.1 at Mon Jan 17 15:36:49 +0800 2011
  Processing by HomeController#index as HTML
  [1m[36mUser Load (0.3ms)[0m  [1mSELECT `users`.* FROM `users` WHERE (`users`.`id` = 1) LIMIT 1[0m
DEPRECATION WARNING: <% %> style block helpers are deprecated. Please use <%= %>. (called from _app_views_layouts_application_html_erb__1080092459_2174658920_0 at /Users/leiz/Documents/workspace/12doo/app/views/layouts/application.html.erb:24)
Rendered home/index.html.erb within layouts/application (96.4ms)
Completed 200 OK in 120ms (Views: 118.9ms | ActiveRecord: 0.3ms)


Started GET "/my" for 127.0.0.1 at Mon Jan 17 15:36:51 +0800 2011
  Processing by MyController#index as HTML
  [1m[35mUser Load (0.5ms)[0m  SELECT `users`.* FROM `users` WHERE (`users`.`id` = 1) LIMIT 1
DEPRECATION WARNING: <% %> style block helpers are deprecated. Please use <%= %>. (called from _app_views_layouts_application_html_erb__1080092459_2173165020_0 at /Users/leiz/Documents/workspace/12doo/app/views/layouts/application.html.erb:24)
Rendered my/index.html.erb within layouts/application (3.8ms)
Completed 200 OK in 120ms (Views: 42.7ms | ActiveRecord: 0.5ms)


Started GET "/users/sign_out" for 127.0.0.1 at Mon Jan 17 15:36:52 +0800 2011
  Processing by Devise::SessionsController#destroy as HTML
  [1m[36mUser Load (0.3ms)[0m  [1mSELECT `users`.* FROM `users` WHERE (`users`.`id` = 1) LIMIT 1[0m
Redirected to http://127.0.0.1:3000/
Completed 302 Found in 30ms


Started GET "/" for 127.0.0.1 at Mon Jan 17 15:36:52 +0800 2011
  Processing by HomeController#index as HTML
DEPRECATION WARNING: <% %> style block helpers are deprecated. Please use <%= %>. (called from _app_views_layouts_application_html_erb__1080092459_2173858500_0 at /Users/leiz/Documents/workspace/12doo/app/views/layouts/application.html.erb:24)
Rendered home/index.html.erb within layouts/application (21.3ms)
Completed 200 OK in 28ms (Views: 27.5ms | ActiveRecord: 0.3ms)


Started GET "/users/sign_up" for 127.0.0.1 at Mon Jan 17 15:37:17 +0800 2011
  Processing by Devise::RegistrationsController#new as HTML
Rendered /Library/Ruby/Gems/1.8/gems/devise-1.1.2/app/views/devise/shared/_links.erb (1.5ms)
DEPRECATION WARNING: <% %> style block helpers are deprecated. Please use <%= %>. (called from _app_views_layouts_application_html_erb__1080092459_2176023480_0 at /Users/leiz/Documents/workspace/12doo/app/views/layouts/application.html.erb:24)
Rendered /Library/Ruby/Gems/1.8/gems/devise-1.1.2/app/views/devise/registrations/new.html.erb within layouts/application (20.0ms)
Completed 200 OK in 104ms (Views: 27.0ms | ActiveRecord: 0.0ms)


Started GET "/orders" for 127.0.0.1 at Mon Jan 17 15:38:40 +0800 2011
  Processing by OrdersController#index as HTML
  [1m[35mOrder Load (0.4ms)[0m  SELECT `orders`.* FROM `orders`
DEPRECATION WARNING: <% %> style block helpers are deprecated. Please use <%= %>. (called from _app_views_layouts_application_html_erb__1080092459_2173764880_0 at /Users/leiz/Documents/workspace/12doo/app/views/layouts/application.html.erb:24)
Rendered orders/index.html.erb within layouts/application (59.4ms)
Completed 200 OK in 196ms (Views: 121.7ms | ActiveRecord: 0.4ms)


Started GET "/users/sign_out" for 127.0.0.1 at Mon Jan 17 16:17:04 +0800 2011
  Processing by Devise::SessionsController#destroy as HTML
Redirected to http://127.0.0.1:3000/
Completed 302 Found in 178ms


Started GET "/" for 127.0.0.1 at Mon Jan 17 16:17:05 +0800 2011
  Processing by HomeController#index as HTML
DEPRECATION WARNING: <% %> style block helpers are deprecated. Please use <%= %>. (called from _app_views_layouts_application_html_erb__1080092459_2174652820_0 at /Users/leiz/Documents/workspace/12doo/app/views/layouts/application.html.erb:24)
Rendered home/index.html.erb within layouts/application (32.1ms)
Completed 200 OK in 50ms (Views: 49.7ms | ActiveRecord: 0.0ms)


Started GET "/users/sign_up" for 127.0.0.1 at Mon Jan 17 16:17:09 +0800 2011
  Processing by Devise::RegistrationsController#new as HTML
Rendered devise/shared/_links.erb (1.5ms)
DEPRECATION WARNING: <% %> style block helpers are deprecated. Please use <%= %>. (called from _app_views_layouts_application_html_erb__1080092459_2172649380_0 at /Users/leiz/Documents/workspace/12doo/app/views/layouts/application.html.erb:24)
Rendered devise/registrations/new.html.erb within layouts/application (86.1ms)
Completed 200 OK in 166ms (Views: 94.9ms | ActiveRecord: 0.0ms)


Started GET "/users/sign_up" for 127.0.0.1 at Mon Jan 17 16:21:02 +0800 2011
  Processing by Devise::RegistrationsController#new as HTML
Rendered devise/shared/_links.erb (1.5ms)
DEPRECATION WARNING: <% %> style block helpers are deprecated. Please use <%= %>. (called from _app_views_layouts_application_html_erb__1080092459_2174111340_0 at /Users/leiz/Documents/workspace/12doo/app/views/layouts/application.html.erb:24)
Rendered devise/registrations/new.html.erb within layouts/application (18.0ms)
Completed 200 OK in 39ms (Views: 24.3ms | ActiveRecord: 0.0ms)


Started GET "/users/sign_up" for 127.0.0.1 at Mon Jan 17 16:21:35 +0800 2011
  Processing by Devise::RegistrationsController#new as HTML
Rendered devise/shared/_links.erb (1.4ms)
DEPRECATION WARNING: <% %> style block helpers are deprecated. Please use <%= %>. (called from _app_views_layouts_application_html_erb__1080092459_2175944880_0 at /Users/leiz/Documents/workspace/12doo/app/views/layouts/application.html.erb:24)
Rendered devise/registrations/new.html.erb within layouts/application (17.7ms)
Completed 200 OK in 101ms (Views: 23.3ms | ActiveRecord: 0.0ms)


Started GET "/users/sign_up" for 127.0.0.1 at Mon Jan 17 16:23:59 +0800 2011
  Processing by Devise::RegistrationsController#new as HTML
Rendered devise/shared/_links.erb (1.5ms)
DEPRECATION WARNING: <% %> style block helpers are deprecated. Please use <%= %>. (called from _app_views_layouts_application_html_erb__1080092459_2173332520_0 at /Users/leiz/Documents/workspace/12doo/app/views/layouts/application.html.erb:24)
Rendered devise/registrations/new.html.erb within layouts/application (51.2ms)
Completed 200 OK in 135ms (Views: 59.2ms | ActiveRecord: 0.0ms)


Started GET "/users/sign_up" for 127.0.0.1 at Mon Jan 17 16:24:39 +0800 2011
  Processing by Devise::RegistrationsController#new as HTML
Rendered devise/shared/_links.erb (1.3ms)
DEPRECATION WARNING: <% %> style block helpers are deprecated. Please use <%= %>. (called from _app_views_layouts_application_html_erb__1080092459_2174767420_0 at /Users/leiz/Documents/workspace/12doo/app/views/layouts/application.html.erb:24)
Rendered devise/registrations/new.html.erb within layouts/application (18.5ms)
Completed 200 OK in 39ms (Views: 24.0ms | ActiveRecord: 0.0ms)


Started GET "/users/sign_up" for 127.0.0.1 at Mon Jan 17 16:26:48 +0800 2011
  Processing by Devise::RegistrationsController#new as HTML
Rendered devise/shared/_links.erb (62.5ms)
DEPRECATION WARNING: <% %> style block helpers are deprecated. Please use <%= %>. (called from _app_views_layouts_application_html_erb__1080092459_2172409860_0 at /Users/leiz/Documents/workspace/12doo/app/views/layouts/application.html.erb:24)
Rendered devise/registrations/new.html.erb within layouts/application (79.5ms)
Completed 200 OK in 104ms (Views: 86.2ms | ActiveRecord: 0.0ms)


Started GET "/users/sign_up" for 127.0.0.1 at Mon Jan 17 16:27:22 +0800 2011
  Processing by Devise::RegistrationsController#new as HTML
Rendered devise/shared/_links.erb (1.4ms)
DEPRECATION WARNING: <% %> style block helpers are deprecated. Please use <%= %>. (called from _app_views_layouts_application_html_erb__1080092459_2174052360_0 at /Users/leiz/Documents/workspace/12doo/app/views/layouts/application.html.erb:24)
Rendered devise/registrations/new.html.erb within layouts/application (18.2ms)
Completed 200 OK in 40ms (Views: 24.3ms | ActiveRecord: 0.0ms)


Started POST "/users" for 127.0.0.1 at Mon Jan 17 16:27:27 +0800 2011
  Processing by Devise::RegistrationsController#create as HTML
  Parameters: {"commit"=>"注册", "authenticity_token"=>"0ij4i3EDo7Z5zQ1J9P260XH+Wkve+Mb6yJKaXHyPIiE=", "utf8"=>"✓", "user"=>{"password_confirmation"=>"[FILTERED]", "password"=>"[FILTERED]", "email"=>""}}
  [1m[36mSQL (0.3ms)[0m  [1mBEGIN[0m
  [1m[35mUser Load (0.4ms)[0m  SELECT `users`.`id` FROM `users` WHERE (`users`.`email` = BINARY '') LIMIT 1
  [1m[36mUser Load (0.3ms)[0m  [1mSELECT `users`.`id` FROM `users` WHERE (`users`.`phone` IS NULL) LIMIT 1[0m
  [1m[35mSQL (0.3ms)[0m  ROLLBACK
Rendered devise/shared/_links.erb (1.3ms)
DEPRECATION WARNING: <% %> style block helpers are deprecated. Please use <%= %>. (called from _app_views_layouts_application_html_erb__1080092459_2174790140_0 at /Users/leiz/Documents/workspace/12doo/app/views/layouts/application.html.erb:24)
Rendered devise/registrations/new.html.erb within layouts/application (11.1ms)
Completed 200 OK in 327ms (Views: 16.6ms | ActiveRecord: 1.3ms)
DEPRECATION WARNING: Base.named_scope has been deprecated, please use Base.scope instead. (called from /Users/leiz/Documents/workspace/12doo/config/environment.rb:5)
DEPRECATION WARNING: Base.named_scope has been deprecated, please use Base.scope instead. (called from /Users/leiz/Documents/workspace/12doo/config/environment.rb:5)
DEPRECATION WARNING: Base.named_scope has been deprecated, please use Base.scope instead. (called from /Users/leiz/Documents/workspace/12doo/config/environment.rb:5)
DEPRECATION WARNING: Base.named_scope has been deprecated, please use Base.scope instead. (called from /Users/leiz/Documents/workspace/12doo/config/environment.rb:5)
  [1m[36mSQL (64.4ms)[0m  [1mSHOW TABLES[0m
  [1m[35mSQL (1.1ms)[0m  SHOW TABLES
  [1m[36mSQL (0.3ms)[0m  [1mSELECT `schema_migrations`.`version` FROM `schema_migrations`[0m
Migrating to CreateProducts (20100915141306)
Migrating to DeviseCreateUsers (20100915141615)
Migrating to CreateProductAttributeDefines (20100915144959)
Migrating to CreateProductAttributes (20100915145140)
Migrating to CreateProductStatuses (20100915145240)
Migrating to AddTestDataProductAttributeDefine (20100915145910)
Migrating to AddTestDataProductStatus (20100915145931)
Migrating to CreateProductTags (20101006043647)
Migrating to AddTestDataProductTag (20101006043954)
Migrating to CreateOrders (20101009032306)
Migrating to CreateOrderItems (20101009032650)
Migrating to AddAddressToOrders (20101014072414)
Migrating to RenameOrdersColumnCountToQuantity (20101014140944)
Migrating to RemoveOrdersColumnQuantity (20101014143250)
Migrating to CreateAddresses (20101018074431)
Migrating to AddColumnsToAddresses (20101018075749)
Migrating to AddColumnsToUsers (20110117032939)
Migrating to AddUsersColumnsForResetPhone (20110117071316)
  [1m[35mSQL (181.6ms)[0m  ALTER TABLE `users` ADD `reset_phone_token` varchar(255)
  [1m[36mSQL (263.3ms)[0m  [1mALTER TABLE `users` ADD `reset_email_token` varchar(255)[0m
  [1m[35mSQL (2.8ms)[0m  describe `schema_migrations`
  [1m[36mSQL (0.9ms)[0m  [1mINSERT INTO `schema_migrations` (`version`) VALUES ('20110117071316')[0m
Migrating to RemovePhoneIndexFromUsers (20110117083331)
  [1m[35mSQL (5.3ms)[0m  SHOW KEYS FROM `users`
  [1m[36mSQL (102.9ms)[0m  [1mDROP INDEX `index_users_on_phone` ON `users`[0m
  [1m[35mSQL (0.8ms)[0m  INSERT INTO `schema_migrations` (`version`) VALUES ('20110117083331')
  [1m[36mSQL (3.2ms)[0m  [1mSHOW TABLES[0m
  [1m[35mSQL (0.2ms)[0m  SELECT `schema_migrations`.`version` FROM `schema_migrations`
  [1m[36mSQL (0.7ms)[0m  [1mSHOW TABLES[0m
  [1m[35mSQL (2.8ms)[0m  describe `addresses`
  [1m[36mSQL (0.3ms)[0m  [1mSHOW KEYS FROM `addresses`[0m
  [1m[35mSQL (2.3ms)[0m  describe `order_items`
  [1m[36mSQL (0.3ms)[0m  [1mSHOW KEYS FROM `order_items`[0m
  [1m[35mSQL (2.7ms)[0m  describe `orders`
  [1m[36mSQL (0.4ms)[0m  [1mSHOW KEYS FROM `orders`[0m
  [1m[35mSQL (2.2ms)[0m  describe `product_attribute_defines`
  [1m[36mSQL (0.7ms)[0m  [1mSHOW KEYS FROM `product_attribute_defines`[0m
  [1m[35mSQL (2.3ms)[0m  describe `product_attributes`
  [1m[36mSQL (0.2ms)[0m  [1mSHOW KEYS FROM `product_attributes`[0m
  [1m[35mSQL (2.2ms)[0m  describe `product_statuses`
  [1m[36mSQL (0.3ms)[0m  [1mSHOW KEYS FROM `product_statuses`[0m
  [1m[35mSQL (2.3ms)[0m  describe `product_tags`
  [1m[36mSQL (0.3ms)[0m  [1mSHOW KEYS FROM `product_tags`[0m
  [1m[35mSQL (2.7ms)[0m  describe `products`
  [1m[36mSQL (0.3ms)[0m  [1mSHOW KEYS FROM `products`[0m
  [1m[35mSQL (2.8ms)[0m  describe `users`
  [1m[36mSQL (0.4ms)[0m  [1mSHOW KEYS FROM `users`[0m


Started GET "/users/sign_up" for 127.0.0.1 at Mon Jan 17 16:39:43 +0800 2011
  Processing by Devise::RegistrationsController#new as HTML
Rendered devise/shared/_links.erb (1.4ms)
DEPRECATION WARNING: <% %> style block helpers are deprecated. Please use <%= %>. (called from _app_views_layouts_application_html_erb__1080092459_2173044100_0 at /Users/leiz/Documents/workspace/12doo/app/views/layouts/application.html.erb:24)
Rendered devise/registrations/new.html.erb within layouts/application (17.6ms)
Completed 200 OK in 66ms (Views: 26.0ms | ActiveRecord: 0.0ms)


Started POST "/users" for 127.0.0.1 at Mon Jan 17 16:39:46 +0800 2011
  Processing by Devise::RegistrationsController#create as HTML
  Parameters: {"commit"=>"注册", "authenticity_token"=>"0ij4i3EDo7Z5zQ1J9P260XH+Wkve+Mb6yJKaXHyPIiE=", "utf8"=>"✓", "user"=>{"password_confirmation"=>"[FILTERED]", "password"=>"[FILTERED]", "email"=>""}}
  [1m[36mSQL (0.2ms)[0m  [1mBEGIN[0m
  [1m[35mSQL (0.2ms)[0m  ROLLBACK
Rendered devise/shared/_links.erb (1.2ms)
DEPRECATION WARNING: <% %> style block helpers are deprecated. Please use <%= %>. (called from _app_views_layouts_application_html_erb__1080092459_2174124820_0 at /Users/leiz/Documents/workspace/12doo/app/views/layouts/application.html.erb:24)
Rendered devise/registrations/new.html.erb within layouts/application (9.1ms)
Completed 200 OK in 41ms (Views: 15.0ms | ActiveRecord: 0.4ms)


Started POST "/users" for 127.0.0.1 at Mon Jan 17 16:40:20 +0800 2011
  Processing by Devise::RegistrationsController#create as HTML
  Parameters: {"commit"=>"注册", "authenticity_token"=>"0ij4i3EDo7Z5zQ1J9P260XH+Wkve+Mb6yJKaXHyPIiE=", "utf8"=>"✓", "user"=>{"password_confirmation"=>"[FILTERED]", "password"=>"[FILTERED]", "email"=>"liuzelei@me.com"}}
  [1m[36mSQL (0.2ms)[0m  [1mBEGIN[0m
  [1m[35mUser Load (0.4ms)[0m  SELECT `users`.`id` FROM `users` WHERE (LOWER(`users`.`email`) = LOWER('liuzelei@me.com')) LIMIT 1
  [1m[36mSQL (2.7ms)[0m  [1mdescribe `users`[0m
  [1m[35mSQL (0.7ms)[0m  INSERT INTO `users` (`birth`, `created_at`, `current_sign_in_at`, `current_sign_in_ip`, `email`, `encrypted_password`, `gender`, `last_sign_in_at`, `last_sign_in_ip`, `name`, `password_salt`, `phone`, `ref`, `remember_created_at`, `remember_token`, `reset_email_token`, `reset_password_token`, `reset_phone_token`, `sign_in_count`, `title`, `updated_at`) VALUES (NULL, '2011-01-17 08:40:20', NULL, NULL, 'liuzelei@me.com', '$2a$10$Cf40cS5ZTpgrwaz3efnbeuU8SAAHEx2CGHAoiflEJnx0PkFPgVJsC', NULL, NULL, NULL, NULL, '$2a$10$Cf40cS5ZTpgrwaz3efnbeu', NULL, NULL, NULL, NULL, NULL, NULL, NULL, 0, NULL, '2011-01-17 08:40:20')
Rendered user_mailer/welcome_email.html.erb (0.3ms)
Rendered user_mailer/welcome_email.text.erb (0.2ms)

Sent mail to liuzelei@me.com (82ms)
Date: Mon, 17 Jan 2011 16:40:20 +0800
From: from@example.com
To: liuzelei@me.com
Message-ID: <4d340074d8aff_e2fb8191115497820@Leiz-MBP.local.mail>
Subject: =?UTF-8?Q?=E6=AC=A2=E8=BF=8E=E6=9D=A5=E5=88=B012=E5=BA=A6=E7=BA=A2=E9=85=92=E7=BD=91.?=
Mime-Version: 1.0
Content-Type: multipart/alternative;
 boundary="--==_mimepart_4d340074cdd29_e2fb8191115497517";
 charset=UTF-8
Content-Transfer-Encoding: 7bit



----==_mimepart_4d340074cdd29_e2fb8191115497517
Date: Mon, 17 Jan 2011 16:40:20 +0800
Mime-Version: 1.0
Content-Type: text/plain;
 charset=UTF-8
Content-Transfer-Encoding: base64
Content-ID: <4d340074d3552_e2fb81911154976de@Leiz-MBP.local.mail>

5rWL6K+V6YKu5Lu2Cg==


----==_mimepart_4d340074cdd29_e2fb8191115497517
Date: Mon, 17 Jan 2011 16:40:20 +0800
Mime-Version: 1.0
Content-Type: text/html;
 charset=UTF-8
Content-Transfer-Encoding: base64
Content-ID: <4d340074d65cf_e2fb819111549775d@Leiz-MBP.local.mail>

5rWL6K+V6YKu5Lu2Lg==


----==_mimepart_4d340074cdd29_e2fb8191115497517--
  [1m[36mSQL (0.5ms)[0m  [1mCOMMIT[0m
  [1m[35mSQL (0.1ms)[0m  BEGIN
  [1m[36mSQL (0.4ms)[0m  [1mUPDATE `users` SET `current_sign_in_at` = '2011-01-17 08:40:20', `current_sign_in_ip` = '127.0.0.1', `last_sign_in_at` = '2011-01-17 08:40:20', `last_sign_in_ip` = '127.0.0.1', `sign_in_count` = 1, `updated_at` = '2011-01-17 08:40:20' WHERE (`users`.`id` = 2)[0m
  [1m[35mSQL (0.6ms)[0m  COMMIT
Completed   in 851ms

NoMethodError (undefined method `admin' for #<User:0x102f86620>):
  app/controllers/application_controller.rb:21:in `after_sign_in_path_for'

Rendered /Library/Ruby/Gems/1.8/gems/actionpack-3.0.1/lib/action_dispatch/middleware/templates/rescues/_trace.erb (90.7ms)
Rendered /Library/Ruby/Gems/1.8/gems/actionpack-3.0.1/lib/action_dispatch/middleware/templates/rescues/_request_and_response.erb (438.6ms)
Rendered /Library/Ruby/Gems/1.8/gems/actionpack-3.0.1/lib/action_dispatch/middleware/templates/rescues/diagnostics.erb within rescues/layout (544.5ms)
DEPRECATION WARNING: Base.named_scope has been deprecated, please use Base.scope instead. (called from /Users/leiz/Documents/workspace/12doo/config/environment.rb:5)
DEPRECATION WARNING: Base.named_scope has been deprecated, please use Base.scope instead. (called from /Users/leiz/Documents/workspace/12doo/config/environment.rb:5)
DEPRECATION WARNING: Base.named_scope has been deprecated, please use Base.scope instead. (called from /Users/leiz/Documents/workspace/12doo/config/environment.rb:5)
DEPRECATION WARNING: Base.named_scope has been deprecated, please use Base.scope instead. (called from /Users/leiz/Documents/workspace/12doo/config/environment.rb:5)
  [1m[36mSQL (0.8ms)[0m  [1mSHOW TABLES[0m
  [1m[35mSQL (0.8ms)[0m  SHOW TABLES
  [1m[36mSQL (0.3ms)[0m  [1mSELECT `schema_migrations`.`version` FROM `schema_migrations`[0m
Migrating to CreateProducts (20100915141306)
Migrating to DeviseCreateUsers (20100915141615)
Migrating to CreateProductAttributeDefines (20100915144959)
Migrating to CreateProductAttributes (20100915145140)
Migrating to CreateProductStatuses (20100915145240)
Migrating to AddTestDataProductAttributeDefine (20100915145910)
Migrating to AddTestDataProductStatus (20100915145931)
Migrating to CreateProductTags (20101006043647)
Migrating to AddTestDataProductTag (20101006043954)
Migrating to CreateOrders (20101009032306)
Migrating to CreateOrderItems (20101009032650)
Migrating to AddAddressToOrders (20101014072414)
Migrating to RenameOrdersColumnCountToQuantity (20101014140944)
Migrating to RemoveOrdersColumnQuantity (20101014143250)
Migrating to CreateAddresses (20101018074431)
Migrating to AddColumnsToAddresses (20101018075749)
Migrating to AddColumnsToUsers (20110117032939)
Migrating to AddUsersColumnsForResetPhone (20110117071316)
Migrating to RemovePhoneIndexFromUsers (20110117083331)
Migrating to AddAdminColumnToUsers (20110117084107)
  [1m[35mSQL (141.2ms)[0m  ALTER TABLE `users` ADD `admin` tinyint(1) DEFAULT 0
  [1m[36mSQL (2.0ms)[0m  [1mdescribe `schema_migrations`[0m
  [1m[35mSQL (0.4ms)[0m  INSERT INTO `schema_migrations` (`version`) VALUES ('20110117084107')
  [1m[36mSQL (2.5ms)[0m  [1mSHOW TABLES[0m
  [1m[35mSQL (0.2ms)[0m  SELECT `schema_migrations`.`version` FROM `schema_migrations`
  [1m[36mSQL (0.7ms)[0m  [1mSHOW TABLES[0m
  [1m[35mSQL (2.4ms)[0m  describe `addresses`
  [1m[36mSQL (0.3ms)[0m  [1mSHOW KEYS FROM `addresses`[0m
  [1m[35mSQL (2.3ms)[0m  describe `order_items`
  [1m[36mSQL (0.2ms)[0m  [1mSHOW KEYS FROM `order_items`[0m
  [1m[35mSQL (2.9ms)[0m  describe `orders`
  [1m[36mSQL (0.4ms)[0m  [1mSHOW KEYS FROM `orders`[0m
  [1m[35mSQL (2.3ms)[0m  describe `product_attribute_defines`
  [1m[36mSQL (0.3ms)[0m  [1mSHOW KEYS FROM `product_attribute_defines`[0m
  [1m[35mSQL (2.9ms)[0m  describe `product_attributes`
  [1m[36mSQL (0.2ms)[0m  [1mSHOW KEYS FROM `product_attributes`[0m
  [1m[35mSQL (2.5ms)[0m  describe `product_statuses`
  [1m[36mSQL (0.5ms)[0m  [1mSHOW KEYS FROM `product_statuses`[0m
  [1m[35mSQL (2.6ms)[0m  describe `product_tags`
  [1m[36mSQL (0.5ms)[0m  [1mSHOW KEYS FROM `product_tags`[0m
  [1m[35mSQL (2.7ms)[0m  describe `products`
  [1m[36mSQL (0.2ms)[0m  [1mSHOW KEYS FROM `products`[0m
  [1m[35mSQL (3.1ms)[0m  describe `users`
  [1m[36mSQL (0.4ms)[0m  [1mSHOW KEYS FROM `users`[0m


Started GET "/users" for 127.0.0.1 at Mon Jan 17 16:43:42 +0800 2011

ActionController::RoutingError (No route matches "/users"):
  

Rendered /Library/Ruby/Gems/1.8/gems/actionpack-3.0.1/lib/action_dispatch/middleware/templates/rescues/routing_error.erb within rescues/layout (0.8ms)


Started GET "/users/sign_in" for 127.0.0.1 at Mon Jan 17 16:43:46 +0800 2011
  Processing by Devise::SessionsController#new as HTML
Rendered devise/shared/_links.erb (1.3ms)
DEPRECATION WARNING: <% %> style block helpers are deprecated. Please use <%= %>. (called from _app_views_layouts_application_html_erb__1080092459_2175062620_0 at /Users/leiz/Documents/workspace/12doo/app/views/layouts/application.html.erb:24)
Rendered devise/sessions/new.html.erb within layouts/application (9.5ms)
Completed 200 OK in 99ms (Views: 15.8ms | ActiveRecord: 0.0ms)


Started POST "/users/sign_in" for 127.0.0.1 at Mon Jan 17 16:43:56 +0800 2011
  Processing by Devise::SessionsController#create as HTML
  Parameters: {"commit"=>"登陆", "authenticity_token"=>"0ij4i3EDo7Z5zQ1J9P260XH+Wkve+Mb6yJKaXHyPIiE=", "utf8"=>"✓", "user"=>{"remember_me"=>"0", "password"=>"[FILTERED]", "email"=>"liuzelei@me.com"}}
  [1m[36mUser Load (0.3ms)[0m  [1mSELECT `users`.* FROM `users` WHERE (`users`.`email` = 'liuzelei@me.com') LIMIT 1[0m
  [1m[35mSQL (0.2ms)[0m  BEGIN
  [1m[36mSQL (0.4ms)[0m  [1mUPDATE `users` SET `current_sign_in_at` = '2011-01-17 08:43:56', `sign_in_count` = 2, `updated_at` = '2011-01-17 08:43:56' WHERE (`users`.`id` = 2)[0m
  [1m[35mSQL (0.5ms)[0m  COMMIT
Redirected to 
Completed   in 116ms

ActionController::ActionControllerError (Cannot redirect to nil!):
  

Rendered /Library/Ruby/Gems/1.8/gems/actionpack-3.0.1/lib/action_dispatch/middleware/templates/rescues/_trace.erb (0.9ms)
Rendered /Library/Ruby/Gems/1.8/gems/actionpack-3.0.1/lib/action_dispatch/middleware/templates/rescues/_request_and_response.erb (456.9ms)
Rendered /Library/Ruby/Gems/1.8/gems/actionpack-3.0.1/lib/action_dispatch/middleware/templates/rescues/diagnostics.erb within rescues/layout (465.6ms)


Started POST "/users/sign_in" for 127.0.0.1 at Mon Jan 17 16:45:26 +0800 2011
  Processing by Devise::SessionsController#create as HTML
  Parameters: {"commit"=>"登陆", "authenticity_token"=>"0ij4i3EDo7Z5zQ1J9P260XH+Wkve+Mb6yJKaXHyPIiE=", "utf8"=>"✓", "user"=>{"remember_me"=>"0", "password"=>"[FILTERED]", "email"=>"liuzelei@me.com"}}
  [1m[36mUser Load (0.3ms)[0m  [1mSELECT `users`.* FROM `users` WHERE (`users`.`email` = 'liuzelei@me.com') LIMIT 1[0m
  [1m[35mSQL (0.2ms)[0m  BEGIN
  [1m[36mSQL (0.4ms)[0m  [1mUPDATE `users` SET `current_sign_in_at` = '2011-01-17 08:45:26', `last_sign_in_at` = '2011-01-17 08:43:56', `sign_in_count` = 3, `updated_at` = '2011-01-17 08:45:26' WHERE (`users`.`id` = 2)[0m
  [1m[35mSQL (0.6ms)[0m  COMMIT
Redirected to http://127.0.0.1:3000/
Completed 302 Found in 130ms


Started GET "/" for 127.0.0.1 at Mon Jan 17 16:45:27 +0800 2011
  Processing by HomeController#index as HTML
  [1m[36mUser Load (0.3ms)[0m  [1mSELECT `users`.* FROM `users` WHERE (`users`.`id` = 2) LIMIT 1[0m
DEPRECATION WARNING: <% %> style block helpers are deprecated. Please use <%= %>. (called from _app_views_layouts_application_html_erb__1080092459_2171802040_0 at /Users/leiz/Documents/workspace/12doo/app/views/layouts/application.html.erb:24)
Rendered home/index.html.erb within layouts/application (38.8ms)
Completed 200 OK in 63ms (Views: 62.6ms | ActiveRecord: 1.9ms)


Started GET "/" for 127.0.0.1 at Mon Jan 17 16:45:32 +0800 2011
  Processing by HomeController#index as HTML
  [1m[35mUser Load (0.3ms)[0m  SELECT `users`.* FROM `users` WHERE (`users`.`id` = 2) LIMIT 1
DEPRECATION WARNING: <% %> style block helpers are deprecated. Please use <%= %>. (called from _app_views_layouts_application_html_erb__1080092459_2176230820_0 at /Users/leiz/Documents/workspace/12doo/app/views/layouts/application.html.erb:24)
Rendered home/index.html.erb within layouts/application (35.4ms)
Completed 200 OK in 42ms (Views: 41.0ms | ActiveRecord: 0.3ms)
